<?xml version="1.0" encoding="UTF-8"?>
<!-- Generated by org.testng.reporters.JUnitReportReporter -->
<testsuite hostname="Anand-PC" name="in.amazon.testdrive.FavouriteAuthor" tests="1" failures="0" timestamp="24 Oct 2016 08:11:22 GMT" time="144.788" errors="0">
  <testcase name="leastPriceProduct" time="144.788" classname="in.amazon.testdrive.FavouriteAuthor"/>
</testsuite> <!-- in.amazon.testdrive.FavouriteAuthor -->
