<?xml version="1.0" encoding="UTF-8"?>
<!-- Generated by org.testng.reporters.JUnitReportReporter -->
<testsuite hostname="Anand-PC" name="in.amazon.testdrive.VerifyHomePage" tests="1" failures="0" timestamp="16 Oct 2016 11:18:10 GMT" time="107.182" errors="0">
  <testcase name="openURL" time="107.182" classname="in.amazon.testdrive.VerifyHomePage"/>
</testsuite> <!-- in.amazon.testdrive.VerifyHomePage -->
